[PREINITIALIZATION][SERVER][INFO] Thank you to the Patreon supporters below and others who make CraftTweaker possible!
NickT
NerdyWhiteGuy
Ncc1702
Jellycraft
Hooley
Pongo Sapiens
DreamThorn
Phillip Swearingain
Jessie Sims
Belathus
Jonathan McManus
Jordan Pineo
Zuniroa
Genryu
Peregrinus11
Ivy_
Spencer Gilbert
Lucas
embeddedt
Quaternary
If you want to support the mod, checkout https://patreon.com/jaredlll08?s=crtmod

[PREINITIALIZATION][SERVER][INFO] Current loaders after merging: [[preinit]]
[PREINITIALIZATION][SERVER][INFO] Loading scripts for loader with names [preinit]
[PREINITIALIZATION][SERVER][INFO] Completed script loading in: 0ms
